ERX plugin ran on: 2018-11-16 05:11:56
	Attempting to read from data file at: C:\UniServerZ\www\redcap\plugins\erx\sample_pdc_redcap_import.csv
	Targeting REDCap project with project ID: 14
	Rows to import: 19
	Total records ignored: 18
	Array
(
    [00175881239350020000520] => reason: existing last_fill_date (2018-11-15) is >= import_date (2018-11-12)
    [00195853721534060200115] => reason: existing last_fill_date (2018-11-15) is >= import_date (2018-11-12)
    [00199644685100028352120] => reason: existing last_fill_date (2018-11-15) is >= import_date (2018-11-12)
    [00199644685100028352130] => reason: existing last_fill_date (2018-11-15) is >= import_date (2018-11-12)
    [00199644685100028352140] => reason: existing last_fill_date (2018-11-15) is >= import_date (2018-11-12)
    [00254534121300005000350] => reason: existing last_fill_date (2018-11-15) is >= import_date (2018-11-12)
    [00280602485100010252120] => reason: existing last_fill_date (2018-11-15) is >= import_date (2018-11-12)
    [00280602485100010252140] => reason: existing last_fill_date (2018-11-15) is >= import_date (2018-11-12)
    [00287183839350010000220] => reason: existing last_fill_date (2018-11-15) is >= import_date (2018-11-12)
    [00288407066290030000530] => reason: existing last_fill_date (2018-11-15) is >= import_date (2018-11-12)
    [00314839266290030000530] => reason: existing last_fill_date (2018-11-15) is >= import_date (2018-11-12)
    [00318407412109904290315] => reason: existing last_fill_date (2018-11-15) is >= import_date (2018-11-12)
    [00319936138700030000140] => reason: existing last_fill_date (2018-11-15) is >= import_date (2018-11-12)
    [00324114821402430000120] => reason: existing last_fill_date (2018-11-15) is >= import_date (2018-11-12)
    [00345453530044070002020] => reason: existing last_fill_date (2018-11-15) is >= import_date (2018-11-12)
    [00345582121534060200115] => reason: existing last_fill_date (2018-11-15) is >= import_date (2018-11-12)
    [00363166012359902350320] => reason: existing last_fill_date (2018-11-15) is >= import_date (2018-11-12)
    [00373365666270015000420] => reason: existing last_fill_date (2018-11-15) is >= import_date (2018-11-12)
)

	Total records added/updated: 0
	Array
(
)

